# JRE version: OpenJDK Runtime Environment JBR-21.0.8+9-1038.68-jcef (21.0.8+9) (build 21.0.8+9-b1038.68)
# Java VM: OpenJDK 64-Bit Server VM JBR-21.0.8+9-1038.68-jcef (21.0.8+9-b1038.68, mixed mode, sharing, tiered, compressed oops, compressed class ptrs, g1 gc, linux-amd64)
GC Precious Log:
 CardTable entry size: 512
 Card Set container configuration: InlinePtr #cards 5 size 8 Array Of Cards #cards 12 size 40 Howl #buckets 4 coarsen threshold 1843 Howl Bitmap #cards 512 size 80 coarsen threshold 460 Card regions per heap region 1 cards per card region 2048
 CPUs: 8 total, 2 available
 Memory: 3790M
 Large Page Support: Disabled
 NUMA Support: Disabled
 Compressed Oops: Enabled (32-bit)
 Heap Region Size: 1M
 Heap Min Capacity: 8M
 Heap Initial Capacity: 60M
 Heap Max Capacity: 948M
 Pre-touch: Disabled
 Parallel Workers: 2
 Concurrent Workers: 1
 Concurrent Refinement Workers: 2
 Periodic GC: Disabled
Heap:
 garbage-first heap   total 58368K, used 23159K [0x00000000c4c00000, 0x0000000100000000)
  region size 1024K, 4 young (4096K), 2 survivors (2048K)
 Metaspace       used 35925K, committed 36416K, reserved 1114112K
  class space    used 4862K, committed 5120K, reserved 1048576K
GC Heap History (18 events):
Event: 0,904 GC heap before
{Heap before GC invocations=0 (full 0):
 garbage-first heap   total 64512K, used 9408K [0x00000000c4c00000, 0x0000000100000000)
  region size 1024K, 6 young (6144K), 0 survivors (0K)
 Metaspace       used 596K, committed 768K, reserved 1114112K
  class space    used 30K, committed 128K, reserved 1048576K
}
Event: 0,915 GC heap after
{Heap after GC invocations=1 (full 0):
 garbage-first heap   total 64512K, used 8179K [0x00000000c4c00000, 0x0000000100000000)
  region size 1024K, 1 young (1024K), 1 survivors (1024K)
 Metaspace       used 596K, committed 768K, reserved 1114112K
  class space    used 30K, committed 128K, reserved 1048576K
}
Event: 1,187 GC heap before
{Heap before GC invocations=1 (full 0):
 garbage-first heap   total 64512K, used 10227K [0x00000000c4c00000, 0x0000000100000000)
  region size 1024K, 3 young (3072K), 1 survivors (1024K)
 Metaspace       used 1316K, committed 1472K, reserved 1114112K
  class space    used 111K, committed 192K, reserved 1048576K
}
Event: 1,193 GC heap after
{Heap after GC invocations=2 (full 0):
 garbage-first heap   total 64512K, used 8769K [0x00000000c4c00000, 0x0000000100000000)
  region size 1024K, 1 young (1024K), 1 survivors (1024K)
 Metaspace       used 1316K, committed 1472K, reserved 1114112K
  class space    used 111K, committed 192K, reserved 1048576K
}
Event: 2,331 GC heap before
{Heap before GC invocations=2 (full 0):
 garbage-first heap   total 64512K, used 16961K [0x00000000c4c00000, 0x0000000100000000)
  region size 1024K, 10 young (10240K), 1 survivors (1024K)
 Metaspace       used 4954K, committed 5184K, reserved 1114112K
  class space    used 532K, committed 640K, reserved 1048576K
}
Event: 2,342 GC heap after
{Heap after GC invocations=3 (full 0):
 garbage-first heap   total 64512K, used 10017K [0x00000000c4c00000, 0x0000000100000000)
  region size 1024K, 2 young (2048K), 2 survivors (2048K)
 Metaspace       used 4954K, committed 5184K, reserved 1114112K
  class space    used 532K, committed 640K, reserved 1048576K
}
Event: 5,978 GC heap before
{Heap before GC invocations=3 (full 0):
 garbage-first heap   total 64512K, used 33569K [0x00000000c4c00000, 0x0000000100000000)
  region size 1024K, 26 young (26624K), 2 survivors (2048K)
 Metaspace       used 11562K, committed 11904K, reserved 1114112K
  class space    used 1522K, committed 1664K, reserved 1048576K
}
Event: 6,025 GC heap after
{Heap after GC invocations=4 (full 0):
 garbage-first heap   total 64512K, used 12228K [0x00000000c4c00000, 0x0000000100000000)
  region size 1024K, 4 young (4096K), 4 survivors (4096K)
 Metaspace       used 11562K, committed 11904K, reserved 1114112K
  class space    used 1522K, committed 1664K, reserved 1048576K
}
Event: 8,406 GC heap before
{Heap before GC invocations=4 (full 0):
 garbage-first heap   total 64512K, used 43972K [0x00000000c4c00000, 0x0000000100000000)
  region size 1024K, 36 young (36864K), 4 survivors (4096K)
 Metaspace       used 19548K, committed 19904K, reserved 1114112K
  class space    used 2529K, committed 2688K, reserved 1048576K
}
Event: 8,453 GC heap after
{Heap after GC invocations=5 (full 0):
 garbage-first heap   total 64512K, used 14855K [0x00000000c4c00000, 0x0000000100000000)
  region size 1024K, 5 young (5120K), 5 survivors (5120K)
 Metaspace       used 19548K, committed 19904K, reserved 1114112K
  class space    used 2529K, committed 2688K, reserved 1048576K
}
Event: 8,848 GC heap before
{Heap before GC invocations=5 (full 0):
 garbage-first heap   total 64512K, used 22023K [0x00000000c4c00000, 0x0000000100000000)
  region size 1024K, 13 young (13312K), 5 survivors (5120K)
 Metaspace       used 21138K, committed 21504K, reserved 1114112K
  class space    used 2764K, committed 2944K, reserved 1048576K
}
Event: 8,901 GC heap after
{Heap after GC invocations=6 (full 0):
 garbage-first heap   total 77824K, used 15477K [0x00000000c4c00000, 0x0000000100000000)
  region size 1024K, 4 young (4096K), 4 survivors (4096K)
 Metaspace       used 21138K, committed 21504K, reserved 1114112K
  class space    used 2764K, committed 2944K, reserved 1048576K
}
Event: 13,006 GC heap before
{Heap before GC invocations=7 (full 0):
 garbage-first heap   total 58368K, used 46197K [0x00000000c4c00000, 0x0000000100000000)
  region size 1024K, 34 young (34816K), 4 survivors (4096K)
 Metaspace       used 25730K, committed 26048K, reserved 1114112K
  class space    used 3378K, committed 3520K, reserved 1048576K
}
Event: 13,109 GC heap after
{Heap after GC invocations=8 (full 0):
 garbage-first heap   total 58368K, used 17613K [0x00000000c4c00000, 0x0000000100000000)
  region size 1024K, 4 young (4096K), 4 survivors (4096K)
 Metaspace       used 25730K, committed 26048K, reserved 1114112K
  class space    used 3378K, committed 3520K, reserved 1048576K
}
Event: 17,112 GC heap before
{Heap before GC invocations=8 (full 0):
 garbage-first heap   total 58368K, used 45261K [0x00000000c4c00000, 0x0000000100000000)
  region size 1024K, 32 young (32768K), 4 survivors (4096K)
 Metaspace       used 31343K, committed 31808K, reserved 1114112K
  class space    used 4181K, committed 4416K, reserved 1048576K
}
Event: 17,153 GC heap after
{Heap after GC invocations=9 (full 0):
 garbage-first heap   total 58368K, used 20874K [0x00000000c4c00000, 0x0000000100000000)
  region size 1024K, 4 young (4096K), 4 survivors (4096K)
 Metaspace       used 31343K, committed 31808K, reserved 1114112K
  class space    used 4181K, committed 4416K, reserved 1048576K
}
Event: 19,265 GC heap before
{Heap before GC invocations=9 (full 0):
 garbage-first heap   total 58368K, used 36234K [0x00000000c4c00000, 0x0000000100000000)
  region size 1024K, 20 young (20480K), 4 survivors (4096K)
 Metaspace       used 35650K, committed 36096K, reserved 1114112K
  class space    used 4824K, committed 5056K, reserved 1048576K
}
Event: 19,303 GC heap after
{Heap after GC invocations=10 (full 0):
 garbage-first heap   total 58368K, used 22135K [0x00000000c4c00000, 0x0000000100000000)
  region size 1024K, 2 young (2048K), 2 survivors (2048K)
 Metaspace       used 35650K, committed 36096K, reserved 1114112K
  class space    used 4824K, committed 5056K, reserved 1048576K
}

